Aug 18, 2017 10:54:59 PM com.speculation1000.specdb.start.StartApp StartApp
INFO: 
********** SpecDb ************** 
[ Digital Asset Price Database ]
********************************
* Start Up: 
* At: 2017-08-18T22:54:59.317Z[Etc/UTC]
********************************

Aug 18, 2017 10:55:01 PM com.speculation1000.specdb.start.DbServer startDb
INFO: H2 DbServer started
Aug 18, 2017 10:55:01 PM com.speculation1000.specdb.start.StartApp StartApp
INFO: H2 server start up successful
Aug 18, 2017 10:55:01 PM com.speculation1000.specdb.db.DbConnection static
INFO: Db directory created/exits
Aug 18, 2017 10:55:01 PM com.speculation1000.specdb.db.DbConnection connect
INFO: Connection to jdbc:h2:tcp://localhost:8082//home/pi/SpecDb/db/Speculation1000-H2 established
Aug 18, 2017 10:55:01 PM com.speculation1000.specdb.db.CreateTable createTable
INFO: Table created
Aug 18, 2017 10:55:01 PM com.speculation1000.specdb.start.StartApp StartApp
INFO: Market table created (if it didn't already exist)
Aug 18, 2017 10:55:01 PM com.speculation1000.specdb.mode.StandardMode startApp
INFO: * Next update in 238 seconds
Aug 18, 2017 10:58:59 PM com.speculation1000.specdb.mode.QuickMode run
INFO: 
********************************
          [STANDARDMODE] 
********************************
            [START]
* At: 2017-08-18T22:58:59.941Z[Etc/UTC]
* New Day: false
********************************

Aug 18, 2017 10:59:10 PM com.speculation1000.specdb.dto.PoloniexDTO getPoloniexChartData
INFO: Loading Polo markets from Polo API...
Aug 18, 2017 10:59:20 PM com.speculation1000.specdb.dto.PoloniexDTO getLatestMarketList
INFO: Fetched latest Polo markets for: 2017-08-18T00:00:00Z[Etc/UTC]
Aug 18, 2017 10:59:22 PM com.speculation1000.specdb.db.DbConnection connect
INFO: Connection to jdbc:h2:tcp://localhost:8082//home/pi/SpecDb/db/Speculation1000-H2 established
Aug 18, 2017 10:59:22 PM com.speculation1000.specdb.db.DbConnection connect
INFO: Connection to jdbc:h2:tcp://localhost:8082//home/pi/SpecDb/db/Speculation1000-H2 established
Aug 18, 2017 10:59:22 PM com.speculation1000.specdb.db.DbConnection connect
INFO: Connection to jdbc:h2:tcp://localhost:8082//home/pi/SpecDb/db/Speculation1000-H2 established
Aug 18, 2017 10:59:22 PM com.speculation1000.specdb.db.InsertRecord insertBatchMarkets
INFO: Adding batch: 92
Aug 18, 2017 10:59:22 PM com.speculation1000.specdb.db.InsertRecord insertBatchMarkets
INFO: total time taken to insert the batch = 295 ms
Aug 18, 2017 10:59:22 PM com.speculation1000.specdb.db.DbConnection connect
INFO: Connection to jdbc:h2:tcp://localhost:8082//home/pi/SpecDb/db/Speculation1000-H2 established
Aug 18, 2017 10:59:22 PM com.speculation1000.specdb.db.InsertRecord insertBatchMarkets
INFO: Adding batch: 260
Aug 18, 2017 10:59:23 PM com.speculation1000.specdb.db.InsertRecord insertBatchMarkets
INFO: total time taken to insert the batch = 921 ms
Aug 18, 2017 10:59:23 PM com.speculation1000.specdb.mode.QuickMode run
INFO: update successful
Aug 18, 2017 10:59:23 PM com.speculation1000.specdb.db.DbConnection connect
INFO: Connection to jdbc:h2:tcp://localhost:8082//home/pi/SpecDb/db/Speculation1000-H2 established
Aug 18, 2017 10:59:23 PM com.speculation1000.specdb.dao.PoloniexDAO restoreMarkets
INFO: Polo Restore: Need to restore up to: 2017-08-17T00:00:00Z[Etc/UTC]
Aug 18, 2017 10:59:24 PM com.speculation1000.specdb.dto.PoloniexDTO getPoloniexChartData
INFO: Loading Polo markets from Polo API...
Aug 18, 2017 11:00:04 PM com.speculation1000.specdb.dto.PoloniexDTO fetchExchangeHistory
INFO: Fetched Polo history from 1970-01-01T00:00:00Z[Etc/UTC] to 2017-08-17T00:00:00Z[Etc/UTC]
Aug 18, 2017 11:00:07 PM com.speculation1000.specdb.db.InsertRecord insertBatchMarkets
INFO: Adding batch: 10000
Aug 18, 2017 11:00:27 PM com.speculation1000.specdb.db.InsertRecord insertBatchMarkets
INFO: total time taken to insert the batch = 20504 ms
Aug 18, 2017 11:00:28 PM com.speculation1000.specdb.db.InsertRecord insertBatchMarkets
INFO: Adding batch: 20000
Aug 18, 2017 11:00:36 PM com.speculation1000.specdb.db.InsertRecord insertBatchMarkets
INFO: total time taken to insert the batch = 7852 ms
Aug 18, 2017 11:00:36 PM com.speculation1000.specdb.db.InsertRecord insertBatchMarkets
INFO: Adding batch: 30000
Aug 18, 2017 11:00:44 PM com.speculation1000.specdb.db.InsertRecord insertBatchMarkets
INFO: total time taken to insert the batch = 8629 ms
Aug 18, 2017 11:00:45 PM com.speculation1000.specdb.db.InsertRecord insertBatchMarkets
INFO: Adding batch: 40000
Aug 18, 2017 11:00:54 PM com.speculation1000.specdb.db.InsertRecord insertBatchMarkets
INFO: total time taken to insert the batch = 9970 ms
Aug 18, 2017 11:00:55 PM com.speculation1000.specdb.db.InsertRecord insertBatchMarkets
INFO: Adding batch: 50000
Aug 18, 2017 11:01:10 PM com.speculation1000.specdb.db.InsertRecord insertBatchMarkets
INFO: total time taken to insert the batch = 15041 ms
Aug 18, 2017 11:01:10 PM com.speculation1000.specdb.db.InsertRecord insertBatchMarkets
INFO: Adding batch: 60000
Aug 18, 2017 11:01:18 PM com.speculation1000.specdb.db.InsertRecord insertBatchMarkets
INFO: total time taken to insert the batch = 7696 ms
Aug 18, 2017 11:01:18 PM com.speculation1000.specdb.db.InsertRecord insertBatchMarkets
INFO: Adding batch: 70000
Aug 18, 2017 11:01:27 PM com.speculation1000.specdb.db.InsertRecord insertBatchMarkets
INFO: total time taken to insert the batch = 9307 ms
Aug 18, 2017 11:01:27 PM com.speculation1000.specdb.db.InsertRecord insertBatchMarkets
INFO: Adding batch: 76535
Aug 18, 2017 11:01:40 PM com.speculation1000.specdb.db.InsertRecord insertBatchMarkets
INFO: total time taken to insert the batch = 12445 ms
Aug 18, 2017 11:01:40 PM com.speculation1000.specdb.dao.PoloniexDAO restoreMarkets
INFO: Polo markets restored!
Aug 18, 2017 11:01:40 PM com.speculation1000.specdb.mode.QuickMode run
INFO: Restore successful
Aug 18, 2017 11:01:40 PM com.speculation1000.specdb.db.DbConnection connect
INFO: Connection to jdbc:h2:tcp://localhost:8082//home/pi/SpecDb/db/Speculation1000-H2 established
Aug 18, 2017 11:01:46 PM com.speculation1000.specdb.mode.QuickMode run
INFO: 
********************************
          [ TICKERTAPE ]
XRPUSDT:POLO 2017-08-18T00:00:00Z[Etc/UTC] @0.15630906
REPUSDT:POLO 2017-08-18T00:00:00Z[Etc/UTC] @19.05573
RICBTC:POLO 2017-08-18T00:00:00Z[Etc/UTC] @0.00001835
DCRBTC:POLO 2017-08-18T00:00:00Z[Etc/UTC] @0.00585835
EXPBTC:POLO 2017-08-18T00:00:00Z[Etc/UTC] @0.00043999
LTCUSDT:POLO 2017-08-18T00:00:00Z[Etc/UTC] @44.64799999
BTCUSDT:POLO 2017-08-18T00:00:00Z[Etc/UTC] @4096.99999999
ETCUSDT:POLO 2017-08-18T00:00:00Z[Etc/UTC] @13.3830002
ZECETH:POLO 2017-08-18T00:00:00Z[Etc/UTC] @0.69008226
PINKBTC:POLO 2017-08-18T00:00:00Z[Etc/UTC] @0.00000278
SYSBTC:POLO 2017-08-18T00:00:00Z[Etc/UTC] @0.00002539
LTCXMR:POLO 2017-08-18T00:00:00Z[Etc/UTC] @0.95653265
VRCBTC:POLO 2017-08-18T00:00:00Z[Etc/UTC] @0.00005742
RADSBTC:POLO 2017-08-18T00:00:00Z[Etc/UTC] @0.00126186
BTCDXMR:POLO 2017-08-18T00:00:00Z[Etc/UTC] @1.17565755
XMRBTC:POLO 2017-08-18T00:00:00Z[Etc/UTC] @0.01140929
BCHUSDT:POLO 2017-08-18T00:00:00Z[Etc/UTC] @730
NXTUSDT:POLO 2017-08-18T00:00:00Z[Etc/UTC] @0.10159928
NAVBTC:POLO 2017-08-18T00:00:00Z[Etc/UTC] @0.00005798
NXCBTC:POLO 2017-08-18T00:00:00Z[Etc/UTC] @0.00004752
VTCBTC:POLO 2017-08-18T00:00:00Z[Etc/UTC] @0.00011401
XBCBTC:POLO 2017-08-18T00:00:00Z[Etc/UTC] @0.01701728
NMCBTC:POLO 2017-08-18T00:00:00Z[Etc/UTC] @0.00041567
FLDCBTC:POLO 2017-08-18T00:00:00Z[Etc/UTC] @0.00000267
ETCETH:POLO 2017-08-18T00:00:00Z[Etc/UTC] @0.04574199
OMNIBTC:POLO 2017-08-18T00:00:00Z[Etc/UTC] @0.00601898
ZECXMR:POLO 2017-08-18T00:00:00Z[Etc/UTC] @4.33098461
XCPBTC:POLO 2017-08-18T00:00:00Z[Etc/UTC] @0.00270997
ETHUSDT:POLO 2017-08-18T00:00:00Z[Etc/UTC] @292.99000001
BTSBTC:POLO 2017-08-18T00:00:00Z[Etc/UTC] @0.00003092
ZECUSDT:POLO 2017-08-18T00:00:00Z[Etc/UTC] @203.67733424
BCNXMR:POLO 2017-08-18T00:00:00Z[Etc/UTC] @0.00002575
DASHBTC:POLO 2017-08-18T00:00:00Z[Etc/UTC] @0.05468054
STRUSDT:POLO 2017-08-18T00:00:00Z[Etc/UTC] @0.01689996
STRATBTC:POLO 2017-08-18T00:00:00Z[Etc/UTC] @0.00133557
POTBTC:POLO 2017-08-18T00:00:00Z[Etc/UTC] @0.00003462
NXTXMR:POLO 2017-08-18T00:00:00Z[Etc/UTC] @0.00218308
BLKBTC:POLO 2017-08-18T00:00:00Z[Etc/UTC] @0.00004977
PPCBTC:POLO 2017-08-18T00:00:00Z[Etc/UTC] @0.00036745
LSKBTC:POLO 2017-08-18T00:00:00Z[Etc/UTC] @0.00048263
LSKETH:POLO 2017-08-18T00:00:00Z[Etc/UTC] @0.00664094
BELABTC:POLO 2017-08-18T00:00:00Z[Etc/UTC] @0.00004702
BTCDBTC:POLO 2017-08-18T00:00:00Z[Etc/UTC] @0.01300006
BTMBTC:POLO 2017-08-18T00:00:00Z[Etc/UTC] @0.0000837
NOTEBTC:POLO 2017-08-18T00:00:00Z[Etc/UTC] @0.00001124
ETCBTC:POLO 2017-08-18T00:00:00Z[Etc/UTC] @0.00327989
GNOBTC:POLO 2017-08-18T00:00:00Z[Etc/UTC] @0.03819763
XRPBTC:POLO 2017-08-18T00:00:00Z[Etc/UTC] @0.00003839
SCBTC:POLO 2017-08-18T00:00:00Z[Etc/UTC] @0.00000161
REPBTC:POLO 2017-08-18T00:00:00Z[Etc/UTC] @0.00466
BCHBTC:POLO 2017-08-18T00:00:00Z[Etc/UTC] @0.1786062
XEMBTC:POLO 2017-08-18T00:00:00Z[Etc/UTC] @0.0000595
EMC2BTC:POLO 2017-08-18T00:00:00Z[Etc/UTC] @0.00000974
DOGEBTC:POLO 2017-08-18T00:00:00Z[Etc/UTC] @4.0E-7
GAMEBTC:POLO 2017-08-18T00:00:00Z[Etc/UTC] @0.00042501
LBCBTC:POLO 2017-08-18T00:00:00Z[Etc/UTC] @0.00007951
LTCBTC:POLO 2017-08-18T00:00:00Z[Etc/UTC] @0.01088201
XMRUSDT:POLO 2017-08-18T00:00:00Z[Etc/UTC] @46.5
BCYBTC:POLO 2017-08-18T00:00:00Z[Etc/UTC] @0.00009049
ARDRBTC:POLO 2017-08-18T00:00:00Z[Etc/UTC] @0.0000272
NAUTBTC:POLO 2017-08-18T00:00:00Z[Etc/UTC] @0.0000305
STEEMBTC:POLO 2017-08-18T00:00:00Z[Etc/UTC] @0.0002537
GRCBTC:POLO 2017-08-18T00:00:00Z[Etc/UTC] @0.00000689
MAIDXMR:POLO 2017-08-18T00:00:00Z[Etc/UTC] @0.00931067
XPMBTC:POLO 2017-08-18T00:00:00Z[Etc/UTC] @0.00007263
HUCBTC:POLO 2017-08-18T00:00:00Z[Etc/UTC] @0.0000232
ETHBTC:POLO 2017-08-18T00:00:00Z[Etc/UTC] @0.07150018
NXTBTC:POLO 2017-08-18T00:00:00Z[Etc/UTC] @0.00002473
XVCBTC:POLO 2017-08-18T00:00:00Z[Etc/UTC] @0.00004288
ZECBTC:POLO 2017-08-18T00:00:00Z[Etc/UTC] @0.0495011
BCHETH:POLO 2017-08-18T00:00:00Z[Etc/UTC] @2.53718728
BCNBTC:POLO 2017-08-18T00:00:00Z[Etc/UTC] @2.9E-7
CLAMBTC:POLO 2017-08-18T00:00:00Z[Etc/UTC] @0.00154601
SBDBTC:POLO 2017-08-18T00:00:00Z[Etc/UTC] @0.00017317
NEOSBTC:POLO 2017-08-18T00:00:00Z[Etc/UTC] @0.00070842
GNTBTC:POLO 2017-08-18T00:00:00Z[Etc/UTC] @0.00005576
DGBBTC:POLO 2017-08-18T00:00:00Z[Etc/UTC] @0.00000309
GNOETH:POLO 2017-08-18T00:00:00Z[Etc/UTC] @0.53000001
STRBTC:POLO 2017-08-18T00:00:00Z[Etc/UTC] @0.00000412
DASHUSDT:POLO 2017-08-18T00:00:00Z[Etc/UTC] @223.2
MAIDBTC:POLO 2017-08-18T00:00:00Z[Etc/UTC] @0.00010802
REPETH:POLO 2017-08-18T00:00:00Z[Etc/UTC] @0.0651162
AMPBTC:POLO 2017-08-18T00:00:00Z[Etc/UTC] @0.00004603
VIABTC:POLO 2017-08-18T00:00:00Z[Etc/UTC] @0.0002313
PASCBTC:POLO 2017-08-18T00:00:00Z[Etc/UTC] @0.00009348
DASHXMR:POLO 2017-08-18T00:00:00Z[Etc/UTC] @4.80609723
STEEMETH:POLO 2017-08-18T00:00:00Z[Etc/UTC] @0.00346891
GNTETH:POLO 2017-08-18T00:00:00Z[Etc/UTC] @0.00077895
BLKXMR:POLO 2017-08-18T00:00:00Z[Etc/UTC] @0.00439313
BURSTBTC:POLO 2017-08-18T00:00:00Z[Etc/UTC] @0.00000147
SJCXBTC:POLO 2017-08-18T00:00:00Z[Etc/UTC] @0.0002733
FCTBTC:POLO 2017-08-18T00:00:00Z[Etc/UTC] @0.0051
FLOBTC:POLO 2017-08-18T00:00:00Z[Etc/UTC] @0.00001057
NXSBTC:TREX 2017-08-18T00:00:00Z[Etc/UTC] @0.00033366
SNTETH:TREX 2017-08-18T00:00:00Z[Etc/UTC] @0.00018497
GLDBTC:TREX 2017-08-18T00:00:00Z[Etc/UTC] @0.00002586
AURBTC:TREX 2017-08-18T00:00:00Z[Etc/UTC] @0.00016425
CRWBTC:TREX 2017-08-18T00:00:00Z[Etc/UTC] @0.00025817
BRKBTC:TREX 2017-08-18T00:00:00Z[Etc/UTC] @0.00002842
UNBBTC:TREX 2017-08-18T00:00:00Z[Etc/UTC] @0.00006382
ETCUSDT:TREX 2017-08-18T00:00:00Z[Etc/UTC] @13.45000000
NMRETH:TREX 2017-08-18T00:00:00Z[Etc/UTC] @0.11500000
SYSBTC:TREX 2017-08-18T00:00:00Z[Etc/UTC] @0.00002522
VRCBTC:TREX 2017-08-18T00:00:00Z[Etc/UTC] @0.00005786
BNTETH:TREX 2017-08-18T00:00:00Z[Etc/UTC] @0.00880828
OMGETH:TREX 2017-08-18T00:00:00Z[Etc/UTC] @0.02427984
EDGBTC:TREX 2017-08-18T00:00:00Z[Etc/UTC] @0.00019162
NAVBTC:TREX 2017-08-18T00:00:00Z[Etc/UTC] @0.00005891
BCCETH:TREX 2017-08-18T00:00:00Z[Etc/UTC] @2.46999995
NXCBTC:TREX 2017-08-18T00:00:00Z[Etc/UTC] @0.00004795
SNGLSETH:TREX 2017-08-18T00:00:00Z[Etc/UTC] @0.00047062
BLOCKBTC:TREX 2017-08-18T00:00:00Z[Etc/UTC] @0.00349026
SLSBTC:TREX 2017-08-18T00:00:00Z[Etc/UTC] @0.00334539
BSDBTC:TREX 2017-08-18T00:00:00Z[Etc/UTC] @0.00007200
XMRETH:TREX 2017-08-18T00:00:00Z[Etc/UTC] @0.15899998
STRATBTC:TREX 2017-08-18T00:00:00Z[Etc/UTC] @0.00134361
STARTBTC:TREX 2017-08-18T00:00:00Z[Etc/UTC] @0.00000906
SHIFTBTC:TREX 2017-08-18T00:00:00Z[Etc/UTC] @0.00035299
XDNBTC:TREX 2017-08-18T00:00:00Z[Etc/UTC] @4.7E-7
EBSTBTC:TREX 2017-08-18T00:00:00Z[Etc/UTC] @0.00003689
XAURBTC:TREX 2017-08-18T00:00:00Z[Etc/UTC] @0.00003950
FUNETH:TREX 2017-08-18T00:00:00Z[Etc/UTC] @0.00009580
HMQETH:TREX 2017-08-18T00:00:00Z[Etc/UTC] @0.00053791
QTUMETH:TREX 2017-08-18T00:00:00Z[Etc/UTC] @0.03870000
CFIETH:TREX 2017-08-18T00:00:00Z[Etc/UTC] @0.00066546
TKNBTC:TREX 2017-08-18T00:00:00Z[Etc/UTC] @0.00038444
GNOBTC:TREX 2017-08-18T00:00:00Z[Etc/UTC] @0.03820722
SPRBTC:TREX 2017-08-18T00:00:00Z[Etc/UTC] @0.00031100
MCOETH:TREX 2017-08-18T00:00:00Z[Etc/UTC] @0.03000303
MUSICBTC:TREX 2017-08-18T00:00:00Z[Etc/UTC] @0.00000393
SIBBTC:TREX 2017-08-18T00:00:00Z[Etc/UTC] @0.00025520
DTBBTC:TREX 2017-08-18T00:00:00Z[Etc/UTC] @0.00021379
MYSTBTC:TREX 2017-08-18T00:00:00Z[Etc/UTC] @0.00040101
SPHRBTC:TREX 2017-08-18T00:00:00Z[Etc/UTC] @0.00042992
OKBTC:TREX 2017-08-18T00:00:00Z[Etc/UTC] @0.00002903
EFLBTC:TREX 2017-08-18T00:00:00Z[Etc/UTC] @0.00002651
EMC2BTC:TREX 2017-08-18T00:00:00Z[Etc/UTC] @0.00000978
LBCBTC:TREX 2017-08-18T00:00:00Z[Etc/UTC] @0.00008000
PKBBTC:TREX 2017-08-18T00:00:00Z[Etc/UTC] @0.00006987
ETHBTC:TREX 2017-08-18T00:00:00Z[Etc/UTC] @0.07130007
PIVXBTC:TREX 2017-08-18T00:00:00Z[Etc/UTC] @0.00040912
LUNBTC:TREX 2017-08-18T00:00:00Z[Etc/UTC] @0.00290000
ERCBTC:TREX 2017-08-18T00:00:00Z[Etc/UTC] @0.00004852
SBDBTC:TREX 2017-08-18T00:00:00Z[Etc/UTC] @0.00023201
GAMBTC:TREX 2017-08-18T00:00:00Z[Etc/UTC] @0.00175150
TRSTETH:TREX 2017-08-18T00:00:00Z[Etc/UTC] @0.00073511
GNTBTC:TREX 2017-08-18T00:00:00Z[Etc/UTC] @0.00005600
FCTETH:TREX 2017-08-18T00:00:00Z[Etc/UTC] @0.07200000
DGBBTC:TREX 2017-08-18T00:00:00Z[Etc/UTC] @0.00000308
DYNBTC:TREX 2017-08-18T00:00:00Z[Etc/UTC] @0.00045443
LGDETH:TREX 2017-08-18T00:00:00Z[Etc/UTC] @0.00562566
GUPETH:TREX 2017-08-18T00:00:00Z[Etc/UTC] @0.00071925
MAIDBTC:TREX 2017-08-18T00:00:00Z[Etc/UTC] @0.00010800
THCBTC:TREX 2017-08-18T00:00:00Z[Etc/UTC] @0.00000163
MLNBTC:TREX 2017-08-18T00:00:00Z[Etc/UTC] @0.01759330
DCTBTC:TREX 2017-08-18T00:00:00Z[Etc/UTC] @0.00032903
NEOETH:TREX 2017-08-18T00:00:00Z[Etc/UTC] @0.12900000
PDCBTC:TREX 2017-08-18T00:00:00Z[Etc/UTC] @0.00003057
GRSBTC:TREX 2017-08-18T00:00:00Z[Etc/UTC] @0.00002225
WINGSBTC:TREX 2017-08-18T00:00:00Z[Etc/UTC] @0.00014435
EXPBTC:TREX 2017-08-18T00:00:00Z[Etc/UTC] @0.00044334
RLCETH:TREX 2017-08-18T00:00:00Z[Etc/UTC] @0.00227261
STORJBTC:TREX 2017-08-18T00:00:00Z[Etc/UTC] @0.00027726
KOREBTC:TREX 2017-08-18T00:00:00Z[Etc/UTC] @0.00046552
XVGBTC:TREX 2017-08-18T00:00:00Z[Etc/UTC] @5.0E-7
WAVESBTC:TREX 2017-08-18T00:00:00Z[Etc/UTC] @0.00101009
DARBTC:TREX 2017-08-18T00:00:00Z[Etc/UTC] @0.00007848
PAYBTC:TREX 2017-08-18T00:00:00Z[Etc/UTC] @0.00087529
TIMEETH:TREX 2017-08-18T00:00:00Z[Etc/UTC] @0.08599784
ENRGBTC:TREX 2017-08-18T00:00:00Z[Etc/UTC] @0.00001982
ADTETH:TREX 2017-08-18T00:00:00Z[Etc/UTC] @0.00018500
BTSETH:TREX 2017-08-18T00:00:00Z[Etc/UTC] @0.00042909
XLMETH:TREX 2017-08-18T00:00:00Z[Etc/UTC] @0.00005749
CLOAKBTC:TREX 2017-08-18T00:00:00Z[Etc/UTC] @0.00099510
FAIRBTC:TREX 2017-08-18T00:00:00Z[Etc/UTC] @0.00012344
CVCBTC:TREX 2017-08-18T00:00:00Z[Etc/UTC] @0.00011450
ETCETH:TREX 2017-08-18T00:00:00Z[Etc/UTC] @0.04567309
GOLOSBTC:TREX 2017-08-18T00:00:00Z[Etc/UTC] @0.00003356
ZECUSDT:TREX 2017-08-18T00:00:00Z[Etc/UTC] @204.09000000
AGRSBTC:TREX 2017-08-18T00:00:00Z[Etc/UTC] @0.00010756
DASHBTC:TREX 2017-08-18T00:00:00Z[Etc/UTC] @0.05528929
MTLETH:TREX 2017-08-18T00:00:00Z[Etc/UTC] @0.03249149
QRLETH:TREX 2017-08-18T00:00:00Z[Etc/UTC] @0.00221000
EGCBTC:TREX 2017-08-18T00:00:00Z[Etc/UTC] @0.00004596
PPCBTC:TREX 2017-08-18T00:00:00Z[Etc/UTC] @0.00036142
CLUBBTC:TREX 2017-08-18T00:00:00Z[Etc/UTC] @0.00008006
LSKBTC:TREX 2017-08-18T00:00:00Z[Etc/UTC] @0.00049000
INCNTBTC:TREX 2017-08-18T00:00:00Z[Etc/UTC] @0.00004051
ANTBTC:TREX 2017-08-18T00:00:00Z[Etc/UTC] @0.00057416
CANNBTC:TREX 2017-08-18T00:00:00Z[Etc/UTC] @0.00000529
REPBTC:TREX 2017-08-18T00:00:00Z[Etc/UTC] @0.00470717
SCBTC:TREX 2017-08-18T00:00:00Z[Etc/UTC] @0.00000162
XRPBTC:TREX 2017-08-18T00:00:00Z[Etc/UTC] @0.00003808
TRIGBTC:TREX 2017-08-18T00:00:00Z[Etc/UTC] @0.00004791
BAYBTC:TREX 2017-08-18T00:00:00Z[Etc/UTC] @0.00000459
ADXBTC:TREX 2017-08-18T00:00:00Z[Etc/UTC] @0.00035917
DGDETH:TREX 2017-08-18T00:00:00Z[Etc/UTC] @0.25232821
CPCBTC:TREX 2017-08-18T00:00:00Z[Etc/UTC] @0.00012296
GBGBTC:TREX 2017-08-18T00:00:00Z[Etc/UTC] @0.00002118
SLRBTC:TREX 2017-08-18T00:00:00Z[Etc/UTC] @0.00004005
LTCBTC:TREX 2017-08-18T00:00:00Z[Etc/UTC] @0.01087800
BCYBTC:TREX 2017-08-18T00:00:00Z[Etc/UTC] @0.00009130
SWTBTC:TREX 2017-08-18T00:00:00Z[Etc/UTC] @0.00040879
ARDRBTC:TREX 2017-08-18T00:00:00Z[Etc/UTC] @0.00002712
GCRBTC:TREX 2017-08-18T00:00:00Z[Etc/UTC] @0.00001081
MUEBTC:TREX 2017-08-18T00:00:00Z[Etc/UTC] @0.00004126
BATBTC:TREX 2017-08-18T00:00:00Z[Etc/UTC] @0.00005051
1STBTC:TREX 2017-08-18T00:00:00Z[Etc/UTC] @0.00016886
QWARKBTC:TREX 2017-08-18T00:00:00Z[Etc/UTC] @0.00007689
TKSBTC:TREX 2017-08-18T00:00:00Z[Etc/UTC] @0.00056855
SWIFTBTC:TREX 2017-08-18T00:00:00Z[Etc/UTC] @0.00027223
GBYTEBTC:TREX 2017-08-18T00:00:00Z[Etc/UTC] @0.07500009
PTOYETH:TREX 2017-08-18T00:00:00Z[Etc/UTC] @0.00096347
FLOBTC:TREX 2017-08-18T00:00:00Z[Etc/UTC] @0.00001066
CRBETH:TREX 2017-08-18T00:00:00Z[Etc/UTC] @0.00239984
DCRBTC:TREX 2017-08-18T00:00:00Z[Etc/UTC] @0.00582288
LGDBTC:TREX 2017-08-18T00:00:00Z[Etc/UTC] @0.00041914
KMDBTC:TREX 2017-08-18T00:00:00Z[Etc/UTC] @0.00031014
BTCUSDT:TREX 2017-08-18T00:00:00Z[Etc/UTC] @4078.87000000
SYNXBTC:TREX 2017-08-18T00:00:00Z[Etc/UTC] @0.00003000
ZECETH:TREX 2017-08-18T00:00:00Z[Etc/UTC] @0.70000000
DOPEBTC:TREX 2017-08-18T00:00:00Z[Etc/UTC] @0.00000559
BLITZBTC:TREX 2017-08-18T00:00:00Z[Etc/UTC] @0.00026986
OMGBTC:TREX 2017-08-18T00:00:00Z[Etc/UTC] @0.00171900
VOXBTC:TREX 2017-08-18T00:00:00Z[Etc/UTC] @0.00001247
2GIVEBTC:TREX 2017-08-18T00:00:00Z[Etc/UTC] @0.00000109
IOCBTC:TREX 2017-08-18T00:00:00Z[Etc/UTC] @0.00056075
CFIBTC:TREX 2017-08-18T00:00:00Z[Etc/UTC] @0.00004713
RADSBTC:TREX 2017-08-18T00:00:00Z[Etc/UTC] @0.00125645
XMRBTC:TREX 2017-08-18T00:00:00Z[Etc/UTC] @0.01140000
VTCBTC:TREX 2017-08-18T00:00:00Z[Etc/UTC] @0.00011625
MCOBTC:TREX 2017-08-18T00:00:00Z[Etc/UTC] @0.00217004
FLDCBTC:TREX 2017-08-18T00:00:00Z[Etc/UTC] @0.00000266
MONABTC:TREX 2017-08-18T00:00:00Z[Etc/UTC] @0.00009501
XCPBTC:TREX 2017-08-18T00:00:00Z[Etc/UTC] @0.00279640
FUNBTC:TREX 2017-08-18T00:00:00Z[Etc/UTC] @0.00000676
XEMETH:TREX 2017-08-18T00:00:00Z[Etc/UTC] @0.00084905
1STETH:TREX 2017-08-18T00:00:00Z[Etc/UTC] @0.00239400
ARKBTC:TREX 2017-08-18T00:00:00Z[Etc/UTC] @0.00035580
NMRBTC:TREX 2017-08-18T00:00:00Z[Etc/UTC] @0.00832708
BCCBTC:TREX 2017-08-18T00:00:00Z[Etc/UTC] @0.17400000
LUNETH:TREX 2017-08-18T00:00:00Z[Etc/UTC] @0.03950000
SNGLSBTC:TREX 2017-08-18T00:00:00Z[Etc/UTC] @0.00003374
VRMBTC:TREX 2017-08-18T00:00:00Z[Etc/UTC] @0.00058580
BNTBTC:TREX 2017-08-18T00:00:00Z[Etc/UTC] @0.00063964
BTCBITCNY:TREX 2017-08-18T00:00:00Z[Etc/UTC] @29370.01000000
ABYBTC:TREX 2017-08-18T00:00:00Z[Etc/UTC] @0.00000181
BITBBTC:TREX 2017-08-18T00:00:00Z[Etc/UTC] @5.4E-7
SCETH:TREX 2017-08-18T00:00:00Z[Etc/UTC] @0.00002251
EMCBTC:TREX 2017-08-18T00:00:00Z[Etc/UTC] @0.00019461
XMGBTC:TREX 2017-08-18T00:00:00Z[Etc/UTC] @0.00005651
UBQBTC:TREX 2017-08-18T00:00:00Z[Etc/UTC] @0.00047560
SAFEXBTC:TREX 2017-08-18T00:00:00Z[Etc/UTC] @0.00000401
DOGEBTC:TREX 2017-08-18T00:00:00Z[Etc/UTC] @4.0E-7
TRUSTBTC:TREX 2017-08-18T00:00:00Z[Etc/UTC] @0.00000963
GAMEBTC:TREX 2017-08-18T00:00:00Z[Etc/UTC] @0.00042878
NEOBTC:TREX 2017-08-18T00:00:00Z[Etc/UTC] @0.00890001
QTUMBTC:TREX 2017-08-18T00:00:00Z[Etc/UTC] @0.00277360
XMRUSDT:TREX 2017-08-18T00:00:00Z[Etc/UTC] @46.56729197
APXBTC:TREX 2017-08-18T00:00:00Z[Etc/UTC] @0.00220643
MEMEBTC:TREX 2017-08-18T00:00:00Z[Etc/UTC] @0.00003872
STEEMBTC:TREX 2017-08-18T00:00:00Z[Etc/UTC] @0.00026122
XELBTC:TREX 2017-08-18T00:00:00Z[Etc/UTC] @0.00011006
XVCBTC:TREX 2017-08-18T00:00:00Z[Etc/UTC] @0.00008054
TKNETH:TREX 2017-08-18T00:00:00Z[Etc/UTC] @0.00535704
MYSTETH:TREX 2017-08-18T00:00:00Z[Etc/UTC] @0.00572180
NEOSBTC:TREX 2017-08-18T00:00:00Z[Etc/UTC] @0.00071128
NLGBTC:TREX 2017-08-18T00:00:00Z[Etc/UTC] @0.00001843
BTABTC:TREX 2017-08-18T00:00:00Z[Etc/UTC] @0.00009966
EXCLBTC:TREX 2017-08-18T00:00:00Z[Etc/UTC] @0.00015211
SNTBTC:TREX 2017-08-18T00:00:00Z[Etc/UTC] @0.00001304
ZENBTC:TREX 2017-08-18T00:00:00Z[Etc/UTC] @0.00165391
GNOETH:TREX 2017-08-18T00:00:00Z[Etc/UTC] @0.52048553
BRXBTC:TREX 2017-08-18T00:00:00Z[Etc/UTC] @0.00010715
BCCUSDT:TREX 2017-08-18T00:00:00Z[Etc/UTC] @715.00000000
AMPBTC:TREX 2017-08-18T00:00:00Z[Etc/UTC] @0.00004670
GUPBTC:TREX 2017-08-18T00:00:00Z[Etc/UTC] @0.00005318
CUREBTC:TREX 2017-08-18T00:00:00Z[Etc/UTC] @0.00005893
NBTBTC:TREX 2017-08-18T00:00:00Z[Etc/UTC] @0.00024464
VIABTC:TREX 2017-08-18T00:00:00Z[Etc/UTC] @0.00023532
RISEBTC:TREX 2017-08-18T00:00:00Z[Etc/UTC] @0.00002012
GNTETH:TREX 2017-08-18T00:00:00Z[Etc/UTC] @0.00079495
TRSTBTC:TREX 2017-08-18T00:00:00Z[Etc/UTC] @0.00005230
FCTBTC:TREX 2017-08-18T00:00:00Z[Etc/UTC] @0.00510533
XRPUSDT:TREX 2017-08-18T00:00:00Z[Etc/UTC] @0.15700000
LTCUSDT:TREX 2017-08-18T00:00:00Z[Etc/UTC] @44.54302000
QRLBTC:TREX 2017-08-18T00:00:00Z[Etc/UTC] @0.00015800
DGBETH:TREX 2017-08-18T00:00:00Z[Etc/UTC] @0.00004301
XMYBTC:TREX 2017-08-18T00:00:00Z[Etc/UTC] @5.1E-7
CVCETH:TREX 2017-08-18T00:00:00Z[Etc/UTC] @0.00162576
NEOUSDT:TREX 2017-08-18T00:00:00Z[Etc/UTC] @36.61699999
PINKBTC:TREX 2017-08-18T00:00:00Z[Etc/UTC] @0.00000280
STORJETH:TREX 2017-08-18T00:00:00Z[Etc/UTC] @0.00375000
PTCBTC:TREX 2017-08-18T00:00:00Z[Etc/UTC] @0.00000374
DASHETH:TREX 2017-08-18T00:00:00Z[Etc/UTC] @0.76999999
BYCBTC:TREX 2017-08-18T00:00:00Z[Etc/UTC] @0.00011719
AEONBTC:TREX 2017-08-18T00:00:00Z[Etc/UTC] @0.00014937
OMNIBTC:TREX 2017-08-18T00:00:00Z[Etc/UTC] @0.00607948
WAVESETH:TREX 2017-08-18T00:00:00Z[Etc/UTC] @0.01400001
WINGSETH:TREX 2017-08-18T00:00:00Z[Etc/UTC] @0.00197902
ETHUSDT:TREX 2017-08-18T00:00:00Z[Etc/UTC] @292.00000000
BTSBTC:TREX 2017-08-18T00:00:00Z[Etc/UTC] @0.00003099
DGDBTC:TREX 2017-08-18T00:00:00Z[Etc/UTC] @0.01838993
UNOBTC:TREX 2017-08-18T00:00:00Z[Etc/UTC] @0.01582348
DRACOBTC:TREX 2017-08-18T00:00:00Z[Etc/UTC] @0.00000459
POTBTC:TREX 2017-08-18T00:00:00Z[Etc/UTC] @0.00003430
VTRBTC:TREX 2017-08-18T00:00:00Z[Etc/UTC] @0.00003977
BLKBTC:TREX 2017-08-18T00:00:00Z[Etc/UTC] @0.00005011
PARTBTC:TREX 2017-08-18T00:00:00Z[Etc/UTC] @0.00196348
ZCLBTC:TREX 2017-08-18T00:00:00Z[Etc/UTC] @0.00032465
GEOBTC:TREX 2017-08-18T00:00:00Z[Etc/UTC] @0.00066000
IOPBTC:TREX 2017-08-18T00:00:00Z[Etc/UTC] @0.00015172
STRATETH:TREX 2017-08-18T00:00:00Z[Etc/UTC] @0.01854233
BTCDBTC:TREX 2017-08-18T00:00:00Z[Etc/UTC] @0.01292808
RLCBTC:TREX 2017-08-18T00:00:00Z[Etc/UTC] @0.00016219
TIMEBTC:TREX 2017-08-18T00:00:00Z[Etc/UTC] @0.00605001
TXBTC:TREX 2017-08-18T00:00:00Z[Etc/UTC] @0.00008007
ADTBTC:TREX 2017-08-18T00:00:00Z[Etc/UTC] @0.00001324
XWCBTC:TREX 2017-08-18T00:00:00Z[Etc/UTC] @0.00000136
ETCBTC:TREX 2017-08-18T00:00:00Z[Etc/UTC] @0.00328000
MTLBTC:TREX 2017-08-18T00:00:00Z[Etc/UTC] @0.00234497
CRBBTC:TREX 2017-08-18T00:00:00Z[Etc/UTC] @0.00016992
COVALBTC:TREX 2017-08-18T00:00:00Z[Etc/UTC] @0.00000143
XEMBTC:TREX 2017-08-18T00:00:00Z[Etc/UTC] @0.00005936
DMDBTC:TREX 2017-08-18T00:00:00Z[Etc/UTC] @0.00109998
NAUTBTC:TREX 2017-08-18T00:00:00Z[Etc/UTC] @0.00003040
LMCBTC:TREX 2017-08-18T00:00:00Z[Etc/UTC] @0.00001382
GRCBTC:TREX 2017-08-18T00:00:00Z[Etc/UTC] @0.00000697
HMQBTC:TREX 2017-08-18T00:00:00Z[Etc/UTC] @0.00003776
NXTBTC:TREX 2017-08-18T00:00:00Z[Etc/UTC] @0.00002470
RBYBTC:TREX 2017-08-18T00:00:00Z[Etc/UTC] @0.00012243
ANTETH:TREX 2017-08-18T00:00:00Z[Etc/UTC] @0.00795098
XBBBTC:TREX 2017-08-18T00:00:00Z[Etc/UTC] @0.00012700
ZECBTC:TREX 2017-08-18T00:00:00Z[Etc/UTC] @0.04929670
CLAMBTC:TREX 2017-08-18T00:00:00Z[Etc/UTC] @0.00154523
XZCBTC:TREX 2017-08-18T00:00:00Z[Etc/UTC] @0.00184122
INFXBTC:TREX 2017-08-18T00:00:00Z[Etc/UTC] @0.00011750
ADXETH:TREX 2017-08-18T00:00:00Z[Etc/UTC] @0.00495914
IONBTC:TREX 2017-08-18T00:00:00Z[Etc/UTC] @0.00038584
XSTBTC:TREX 2017-08-18T00:00:00Z[Etc/UTC] @0.00003413
DASHUSDT:TREX 2017-08-18T00:00:00Z[Etc/UTC] @228.86900000
REPETH:TREX 2017-08-18T00:00:00Z[Etc/UTC] @0.06500002
SEQBTC:TREX 2017-08-18T00:00:00Z[Etc/UTC] @0.00003369
SNRGBTC:TREX 2017-08-18T00:00:00Z[Etc/UTC] @0.00021466
PTOYBTC:TREX 2017-08-18T00:00:00Z[Etc/UTC] @0.00007022
LTCETH:TREX 2017-08-18T00:00:00Z[Etc/UTC] @0.14856850
XLMBTC:TREX 2017-08-18T00:00:00Z[Etc/UTC] @0.00000411
PAYETH:TREX 2017-08-18T00:00:00Z[Etc/UTC] @0.01243649
RDDBTC:TREX 2017-08-18T00:00:00Z[Etc/UTC] @2.4E-7
HKGBTC:TREX 2017-08-18T00:00:00Z[Etc/UTC] @0.00002304
BATETH:TREX 2017-08-18T00:00:00Z[Etc/UTC] @0.00070387
BURSTBTC:TREX 2017-08-18T00:00:00Z[Etc/UTC] @0.00000146
FTCBTC:TREX 2017-08-18T00:00:00Z[Etc/UTC] @0.00001261
XRPETH:TREX 2017-08-18T00:00:00Z[Etc/UTC] @0.00054663
********************************
********************************

Aug 18, 2017 11:01:46 PM com.speculation1000.specdb.mode.QuickMode run
INFO: 
********************************
          [STANDARDMODE] 
********************************
             [END]
* At: 2017-08-18T23:01:46.628Z[Etc/UTC]
* Runtime: 167 sec
********************************
* Next Update in 733 seconds
********************************

Aug 18, 2017 11:01:46 PM com.speculation1000.specdb.mode.QuickMode run
INFO: 
********************************
          [SYSTEMSTATUS] 
* At: 2017-08-18T23:01:46.636Z[Etc/UTC]
********************************
                [APP]          
* App Running since: 2017-08-18T22:54:59.317Z[Etc/UTC]* App Uptime: 6 mins
********************************
                [H2 DB]          
* H2 DB Running since: 2017-08-18T22:55:00.157Z[Etc/UTC]* H2 DB Uptime: 6 mins
* H2 DB Status: 
* TCP server running at tcp://127.0.1.1:8082 (others can connect) *
********************************

