Sep 05, 2017 9:30:28 PM com.speculation1000.specdb.start.StartApp StartApp
INFO: 
********** SpecDb ************** 
[ Digital Asset Price Database ]
********************************
* Start Up: 
* At: 2017-09-06T01:30:28.311Z[Etc/UTC]
********************************

Sep 05, 2017 9:30:28 PM com.speculation1000.specdb.start.StartApp StartApp
SEVERE: Unable to start H2 server: Exception opening port "8082" (port may be in use), cause: "java.net.BindException: Address already in use: JVM_Bind" [90061-196]
Sep 05, 2017 9:30:28 PM com.speculation1000.specdb.db.DbConnection static
INFO: Db directory created/exits
Sep 05, 2017 9:30:28 PM com.speculation1000.specdb.start.StartApp StartApp
INFO: Able to connect to db
Sep 05, 2017 9:30:28 PM com.speculation1000.specdb.start.StartApp StartApp
INFO: Market table created (if it didn't already exist)
Sep 05, 2017 9:30:28 PM com.speculation1000.specdb.start.StartApp StartApp
INFO: Account table created (if it didn't already exist)
Sep 05, 2017 9:30:28 PM com.speculation1000.specdb.start.StartApp StartApp
INFO: Trade table created (if it didn't already exist)
Sep 05, 2017 9:30:28 PM com.speculation1000.specdb.start.StandardMode startApp
INFO: * Next update in 0 seconds
Sep 05, 2017 9:30:28 PM com.speculation1000.specdb.start.StartApp getStartRunMessage
INFO: 
********************************
          [ STANDARDMODE ] 
********************************
            [START]
* At: 2017-09-06T01:30:28.477Z[Etc/UTC]
********************************

Sep 05, 2017 9:30:29 PM com.speculation1000.specdb.dto.PoloniexDTO getPoloniexChartData
INFO: Loading Polo markets from Polo API...
Sep 05, 2017 9:30:36 PM com.speculation1000.specdb.dto.PoloniexDTO getLatestMarketList
INFO: Fetched latest Polo markets for: 2017-09-06T00:00:00Z[Etc/UTC]
Sep 05, 2017 9:30:36 PM com.speculation1000.specdb.dao.MarketSummaryDAO updateTickerList
INFO: Updated polo successful
Sep 05, 2017 9:30:36 PM com.speculation1000.specdb.dto.BittrexDTO getLatestMarketList
INFO: Got Bittrex Chart Data
Sep 05, 2017 9:30:36 PM com.speculation1000.specdb.dao.BittrexDAO getLatestMarkets
INFO: Got latest bittrex markets
Sep 05, 2017 9:30:36 PM com.speculation1000.specdb.dao.MarketSummaryDAO updateTickerList
INFO: Updated trex successful
Sep 05, 2017 9:30:36 PM com.speculation1000.specdb.dao.MarketSummaryDAO updateTickerList
INFO: deleted clean up list
Sep 05, 2017 9:30:36 PM com.speculation1000.specdb.db.InsertRecord insertBatchMarkets
INFO: Adding batch: 94
Sep 05, 2017 9:30:36 PM com.speculation1000.specdb.db.InsertRecord insertBatchMarkets
INFO: total time taken to insert the batch = 25 ms
Sep 05, 2017 9:30:36 PM com.speculation1000.specdb.dao.MarketSummaryDAO updateTickerList
INFO: inserted polo list
Sep 05, 2017 9:30:36 PM com.speculation1000.specdb.db.InsertRecord insertBatchMarkets
INFO: Adding batch: 258
Sep 05, 2017 9:30:36 PM com.speculation1000.specdb.db.InsertRecord insertBatchMarkets
INFO: total time taken to insert the batch = 68 ms
Sep 05, 2017 9:30:36 PM com.speculation1000.specdb.dao.MarketSummaryDAO updateTickerList
INFO: inserted trex list
Sep 05, 2017 9:30:36 PM com.speculation1000.specdb.start.StandardMode run
INFO: update successful
Sep 05, 2017 9:30:37 PM com.speculation1000.specdb.dao.PoloniexDAO restoreMarkets
INFO: Polo Restore: Nothing to restore!
Sep 05, 2017 9:30:37 PM com.speculation1000.specdb.start.StandardMode run
INFO: Restore successful
Sep 05, 2017 9:30:38 PM com.speculation1000.specdb.start.MarketStatus updateMarketStatusList
INFO: Retrieved market status list!
Sep 05, 2017 9:30:38 PM com.speculation1000.specdb.dao.AccountDAO getAccountBalance
INFO: Got account balance!
Sep 05, 2017 9:30:38 PM com.speculation1000.specdb.start.MarketStatus updateMarketStatusList
INFO: Retrieved market status list!
Sep 05, 2017 9:30:44 PM com.speculation1000.specdb.dao.PoloniexDAO getAccountBalance
INFO: AccountBalance
Sep 05, 2017 9:30:44 PM com.speculation1000.specdb.dao.AccountDAO updateAccountBalance
INFO: AccountBalance
Sep 05, 2017 9:30:44 PM com.speculation1000.specdb.start.StandardMode run
INFO: ********************************
          [ TICKERTAPE ]
2017-09-06T01:30:44.711Z[Etc/UTC]
PTOYBTC:TREX @0.00008045
GRCBTC:POLO @0.00000858
XDNBTC:TREX @5.9E-7
SIBBTC:TREX @0.00038481
GUPBTC:TREX @0.00004754
DGBETH:TREX @0.00006115
ZECETH:TREX @0.70986041
LTCXMR:POLO @0.63949532
LSKBTC:POLO @0.00141118
ANTBTC:TREX @0.00052147
FLOBTC:POLO @0.00001908
NXCBTC:TREX @0.00005715
HMQBTC:TREX @0.00002600
QWARKBTC:TREX @0.00003666
ZECETH:POLO @0.709
TKSBTC:TREX @0.00046710
TKNETH:TREX @0.00503831
GEOBTC:TREX @0.00028468
XAURBTC:TREX @0.00004316
FLOBTC:TREX @0.00001888
1STETH:TREX @0.00131412
UNBBTC:TREX @0.00005838
DRACOBTC:TREX @0.00000309
MYSTBTC:TREX @0.00027952
XMRETH:TREX @0.36500001
BTSBTC:TREX @0.00002945
XEMBTC:TREX @0.00006650
EMCBTC:TREX @0.00024050
BCHBTC:POLO @0.12532691
BCCBTC:TREX @0.12500000
ETCBTC:TREX @0.00396271
NBTBTC:TREX @0.00022470
SYSBTC:TREX @0.00006714
XEMBTC:POLO @0.00006609
BTCBITCNY:TREX @29019.44000000
BRXBTC:TREX @0.00013249
QTUMBTC:TREX @0.00281300
KOREBTC:TREX @0.00072175
ADXETH:TREX @0.00264360
INCNTBTC:TREX @0.00004330
AMPBTC:TREX @0.00004235
BTSBTC:POLO @0.00002938
TRSTETH:TREX @0.00088775
GRCBTC:TREX @0.00000855
ETCBTC:POLO @0.00396811
NMRBTC:TREX @0.00529014
SYSBTC:POLO @0.00006699
CVCBTC:TREX @0.00009655
NXCBTC:POLO @0.00005666
REPUSDT:POLO @23.32370034
NXSBTC:TREX @0.00068000
CRBBTC:TREX @0.00016673
COVALBTC:TREX @0.00000125
MAIDXMR:POLO @0.00524903
XZCBTC:TREX @0.00259838
SEQBTC:TREX @0.00003520
FUNETH:TREX @0.00008500
GRSBTC:TREX @0.00002603
THCBTC:TREX @0.00000240
SCETH:TREX @0.00002420
BTCUSDT:TREX @4442.00000000
BTMBTC:POLO @0.00015422
BSDBTC:TREX @0.00008714
SLRBTC:TREX @0.00004338
LUNBTC:TREX @0.00205010
AURBTC:TREX @0.00015545
BTCUSDT:POLO @4441.09276576
FTCBTC:TREX @0.00001347
MLNBTC:TREX @0.01680000
XEMETH:TREX @0.00091001
OMGBTC:TREX @0.00259501
DGBBTC:TREX @0.00000452
XLMBTC:TREX @0.00000431
PTOYETH:TREX @0.00110997
TIMEBTC:TREX @0.00479000
EBSTBTC:TREX @0.00002940
BTCDXMR:POLO @1.09000001
NEOETH:TREX @0.07399912
UNOBTC:TREX @0.01972195
NEOUSDT:TREX @23.89999994
RISEBTC:TREX @0.00008210
DASHXMR:POLO @2.80574562
GOLOSBTC:TREX @0.00003141
DGBBTC:POLO @0.00000449
PINKBTC:POLO @0.00000762
DGDETH:TREX @0.26013001
ADXBTC:TREX @0.00019260
ZENBTC:TREX @0.00199852
GUPETH:TREX @0.00064795
BCHETH:POLO @1.71708177
LTCETH:TREX @0.23241506
CLOAKBTC:TREX @0.00114103
PARTBTC:TREX @0.00260000
XMYBTC:TREX @6.1E-7
SNGLSETH:TREX @0.00048638
BCYBTC:POLO @0.00009137
CLUBBTC:TREX @0.00008880
CVCETH:TREX @0.00133189
NAUTBTC:TREX @0.00003829
STRUSDT:POLO @0.01921
SBDBTC:TREX @0.00023000
QTUMETH:TREX @0.03901879
SWIFTBTC:TREX @0.00030311
BCYBTC:TREX @0.00009271
ETCUSDT:POLO @17.62416599
TRSTBTC:TREX @0.00006554
NAUTBTC:POLO @0.00004061
WINGSBTC:TREX @0.00015585
VTRBTC:TREX @0.00004612
FUNBTC:TREX @0.00000623
ZECBTC:TREX @0.05185000
MYSTETH:TREX @0.00390366
BCNXMR:POLO @0.00001629
FAIRBTC:TREX @0.00014106
GBGBTC:TREX @0.00002100
XWCBTC:TREX @0.00000220
ZECBTC:POLO @0.05192817
BCCETH:TREX @1.71000000
PINKBTC:TREX @0.00000765
ETCUSDT:TREX @17.69999959
SJCXBTC:POLO @0.00016599
PAYETH:TREX @0.00960000
DOGEBTC:POLO @4.6E-7
SHIFTBTC:TREX @0.00034002
SBDBTC:POLO @0.00022021
ARDRBTC:TREX @0.00003107
ERCBTC:TREX @0.00010164
OKBTC:TREX @0.00007230
CRWBTC:TREX @0.00035799
XRPBTC:POLO @0.0000495
PAYBTC:TREX @0.00070400
TRUSTBTC:TREX @0.00001235
DTBBTC:TREX @0.00015100
CUREBTC:TREX @0.00005000
BCNBTC:POLO @4.3E-7
BURSTBTC:TREX @0.00000277
FCTBTC:POLO @0.00577001
EMC2BTC:TREX @0.00000911
DOGEBTC:TREX @4.6E-7
DYNBTC:TREX @0.00054122
FCTETH:TREX @0.07833441
GAMBTC:TREX @0.00199084
BTSETH:TREX @0.00040300
DASHUSDT:TREX @333.84500000
NXTUSDT:POLO @0.0956
ARDRBTC:POLO @0.00003125
EMC2BTC:POLO @0.00000912
BURSTBTC:POLO @0.00000276
PIVXBTC:TREX @0.00080999
VRCBTC:TREX @0.00008854
HKGBTC:TREX @0.00000875
XVGBTC:TREX @0.00000156
DGDBTC:TREX @0.01896002
MAIDBTC:TREX @0.00014163
FCTBTC:TREX @0.00570658
VRCBTC:POLO @0.00008965
STEEMETH:POLO @0.00362857
GLDBTC:TREX @0.00002401
KMDBTC:TREX @0.00072500
MAIDBTC:POLO @0.00014152
DASHUSDT:POLO @333.77106764
1STBTC:TREX @0.00009619
PASCBTC:POLO @0.00009602
PDCBTC:TREX @0.00003256
GNOETH:TREX @0.44499569
SNTETH:TREX @0.00010565
PPCBTC:TREX @0.00043300
XVCBTC:POLO @0.00007225
EGCBTC:TREX @0.00004159
STRATBTC:POLO @0.00139505
NEOBTC:TREX @0.00532000
LTCBTC:POLO @0.01703398
BTCDBTC:TREX @0.02981010
MUEBTC:TREX @0.00003185
STRBTC:POLO @0.00000431
STEEMBTC:TREX @0.00029763
FLDCBTC:POLO @0.00000347
LMCBTC:TREX @0.00000848
STEEMBTC:POLO @0.00026534
BCHUSDT:POLO @553.103614
BATBTC:TREX @0.00005074
CFIBTC:TREX @0.00003711
MCOETH:TREX @0.03012000
SWTBTC:TREX @0.00038000
SLSBTC:TREX @0.00363773
NLGBTC:TREX @0.00002951
BTCDBTC:POLO @0.02935958
CLAMBTC:POLO @0.00166967
VIABTC:TREX @0.00030746
LTCUSDT:POLO @75.26100005
SNRGBTC:TREX @0.00035127
MONABTC:TREX @0.00011716
DCRBTC:TREX @0.00764810
IOCBTC:TREX @0.00056110
XVCBTC:TREX @0.00010000
INFXBTC:TREX @0.00011800
OMGETH:TREX @0.03579964
CPCBTC:TREX @0.00013714
GNTBTC:TREX @0.00007822
LTCUSDT:TREX @75.95099987
MTLETH:TREX @0.03527420
RLCETH:TREX @0.00189230
VIABTC:POLO @0.00030936
LGDBTC:TREX @0.00031120
XSTBTC:TREX @0.00003690
DCRBTC:POLO @0.00760759
FLDCBTC:TREX @0.00000348
PPCBTC:POLO @0.00043924
RICBTC:POLO @0.00001574
GNOETH:POLO @0.44515593
LTCBTC:TREX @0.01697000
STRATBTC:TREX @0.00139308
TXBTC:TREX @0.00008705
BTABTC:TREX @0.00012745
NMCBTC:POLO @0.00041965
XRPBTC:TREX @0.00004940
ZRXBTC:POLO @0.00005704
GNTBTC:POLO @0.00007798
OMNIBTC:POLO @0.00643399
XMRUSDT:POLO @118
IONBTC:TREX @0.00031933
SCBTC:POLO @0.00000177
BITBBTC:TREX @7.3E-7
CLAMBTC:TREX @0.00166018
SYNXBTC:TREX @0.00003599
XCPBTC:POLO @0.00290113
XRPETH:TREX @0.00067767
XMRUSDT:TREX @118.98000000
POTBTC:TREX @0.00002185
VOXBTC:TREX @0.00001304
SCBTC:TREX @0.00000178
DARBTC:TREX @0.00007660
XELBTC:TREX @0.00010455
REPBTC:POLO @0.00526595
VRMBTC:TREX @0.00053300
GBYTEBTC:TREX @0.07886511
SNGLSBTC:TREX @0.00003542
XCPBTC:TREX @0.00299999
REPBTC:TREX @0.00521011
BLOCKBTC:TREX @0.00573966
LUNETH:TREX @0.02800000
WINGSETH:TREX @0.00212711
DASHETH:TREX @1.02011110
ZECUSDT:TREX @232.85799966
MEMEBTC:TREX @0.00003381
DASHBTC:POLO @0.0749441
GAMEBTC:TREX @0.00042049
BCCUSDT:TREX @554.00000000
SPHRBTC:TREX @0.00064000
WAVESBTC:TREX @0.00112399
REPETH:TREX @0.07222200
WAVESETH:TREX @0.01541817
SAFEXBTC:TREX @0.00000237
UBQBTC:TREX @0.00047315
DOPEBTC:TREX @0.00000607
BLITZBTC:TREX @0.00045900
EFLBTC:TREX @0.00002850
ZECUSDT:POLO @230.5
DASHBTC:TREX @0.07510001
POTBTC:POLO @0.00002169
HMQETH:TREX @0.00035648
ARKBTC:TREX @0.00055289
GAMEBTC:POLO @0.00042198
DMDBTC:TREX @0.00137981
REPETH:POLO @0.0717687
BELABTC:POLO @0.00003641
ANTETH:TREX @0.00730986
ETCETH:POLO @0.0543
ETHUSDT:TREX @323.50000000
GNOBTC:POLO @0.0331746
VTCBTC:TREX @0.00021200
STRATETH:TREX @0.01920000
EDGBTC:TREX @0.00014321
XBBBTC:TREX @0.00005605
BATETH:TREX @0.00069000
RADSBTC:POLO @0.00164581
GCRBTC:TREX @0.00001081
BYCBTC:TREX @0.00013252
STARTBTC:TREX @0.00000940
NXTBTC:TREX @0.00002162
XMRBTC:POLO @0.02666658
BLKBTC:TREX @0.00005728
GNOBTC:TREX @0.03297787
ETHBTC:TREX @0.07280000
ETHUSDT:POLO @322.4
ZECXMR:POLO @1.92199101
NXTBTC:POLO @0.00002161
XLMETH:TREX @0.00005982
BRKBTC:TREX @0.00003556
RDDBTC:TREX @3.2E-7
RLCBTC:TREX @0.00013705
ETCETH:TREX @0.05380512
ZRXETH:POLO @0.00078601
ABYBTC:TREX @0.00000176
HUCBTC:POLO @0.00002325
TIMEETH:TREX @0.06699855
SPRBTC:TREX @0.00043136
NXTXMR:POLO @0.00080641
ADTBTC:TREX @0.00001106
ETHBTC:POLO @0.07271104
MTLBTC:TREX @0.00256798
NEOSBTC:POLO @0.00088699
NMRETH:TREX @0.07293379
BNTETH:TREX @0.00793183
RADSBTC:TREX @0.00165751
VTCBTC:POLO @0.00020905
XPMBTC:POLO @0.0000799
ZCLBTC:TREX @0.00052509
ENRGBTC:TREX @0.00002800
XMRBTC:TREX @0.02660001
APXBTC:TREX @0.00198009
CRBETH:TREX @0.00232188
MCOBTC:TREX @0.00223500
OMNIBTC:TREX @0.00649403
BLKBTC:POLO @0.00005654
XMGBTC:TREX @0.00005165
DCTBTC:TREX @0.00020758
CFIETH:TREX @0.00051300
TKNBTC:TREX @0.00036332
XBCBTC:POLO @0.01834466
AMPBTC:POLO @0.00004221
STORJETH:TREX @0.00192998
RBYBTC:TREX @0.00013690
GNTETH:POLO @0.00106262
AGRSBTC:TREX @0.00008200
TRIGBTC:TREX @0.00017814
NAVBTC:TREX @0.00031700
STORJBTC:TREX @0.00014135
IOPBTC:TREX @0.00015199
NEOSBTC:TREX @0.00089206
AEONBTC:TREX @0.00020111
LGDETH:TREX @0.00432000
PTCBTC:TREX @0.00000971
ADTETH:TREX @0.00015279
EXPBTC:TREX @0.00074010
BLKXMR:POLO @0.00210949
NOTEBTC:POLO @0.00001405
QRLBTC:TREX @0.00013788
EXPBTC:POLO @0.00073799
LBCBTC:TREX @0.00007176
PKBBTC:TREX @0.00009100
CANNBTC:TREX @0.00000626
2GIVEBTC:TREX @0.00000129
GNTETH:TREX @0.00108000
XRPUSDT:POLO @0.219
XRPUSDT:TREX @0.22000000
SNTBTC:TREX @0.00000781
BNTBTC:TREX @0.00057992
MUSICBTC:TREX @0.00000658
LSKETH:POLO @0.01947184
BAYBTC:TREX @0.00000495
NAVBTC:POLO @0.00031727
QRLETH:TREX @0.00188801
EXCLBTC:TREX @0.00026424
LBCBTC:POLO @0.00007184
LSKBTC:TREX @0.00142023
********************************

Sep 05, 2017 9:30:44 PM com.speculation1000.specdb.start.StandardMode run
INFO: 
********************************
          [ HIGHS ]
2017-09-06T01:30:44.712Z[Etc/UTC]
SYSBTC:POLO @0.00006699
RADSBTC:POLO @0.00164581
********************************

Sep 05, 2017 9:30:44 PM com.speculation1000.specdb.start.StandardMode run
INFO: 
********************************
          [ LOWS ]
2017-09-06T01:30:44.713Z[Etc/UTC]
GNOETH:POLO @0.44515593
ZECXMR:POLO @1.92199101
********************************

Sep 05, 2017 9:30:44 PM com.speculation1000.specdb.start.StandardMode run
SEVERE: Error getting status messages
