Oct 01, 2017 4:08:58 PM com.speculation1000.specdb.start.StartApp StartApp
INFO: 
********** SpecDb ************** 
[ Digital Asset Price Database ]
********************************
* Start Up: 
* At: 2017-10-01T20:08:58.237Z[Etc/UTC]
********************************

Oct 01, 2017 4:08:58 PM com.speculation1000.specdb.start.DbServer startDb
INFO: H2 DbServer started
Oct 01, 2017 4:08:58 PM com.speculation1000.specdb.start.StartApp StartApp
INFO: H2 server start up successful
Oct 01, 2017 4:08:58 PM com.speculation1000.specdb.start.StartApp StartApp
INFO: Able to connect to db and create tables.
Oct 01, 2017 4:08:58 PM com.speculation1000.specdb.db.DbUtils createCloseIndex
INFO: Close index created (if it didn't already exist)
Oct 01, 2017 4:08:58 PM com.speculation1000.specdb.start.StartApp StartApp
INFO: Close index created
Oct 01, 2017 4:08:58 PM com.speculation1000.specdb.start.StandardMode startApp
INFO: * Next update in 0 seconds
Oct 01, 2017 4:08:58 PM com.speculation1000.specdb.start.StartApp getStartRunMessage
INFO: [STANDARDMODE] - @2017-10-01T20:08:58.537Z[Etc/UTC]
Oct 01, 2017 4:08:59 PM com.speculation1000.specdb.dto.PoloniexDTO getPoloniexChartData
INFO: Loading Polo markets from Polo API...
Oct 01, 2017 4:09:08 PM com.speculation1000.specdb.dto.PoloniexDTO getLatestMarketList
INFO: Fetched latest Polo markets for: 2017-10-01T00:00:00Z[Etc/UTC]
Oct 01, 2017 4:09:09 PM com.speculation1000.specdb.dto.BittrexDTO getLatestMarketList
INFO: Got Bittrex Chart Data
Oct 01, 2017 4:09:09 PM com.speculation1000.specdb.dao.BittrexDAO getLatestMarkets
INFO: Got latest bittrex markets
Oct 01, 2017 4:09:09 PM com.speculation1000.specdb.db.DbUtils insertMarkets
INFO: Adding batch: 100
Oct 01, 2017 4:09:09 PM com.speculation1000.specdb.db.DbUtils insertMarkets
INFO: total time taken to insert the batch = 29 ms
Oct 01, 2017 4:09:09 PM com.speculation1000.specdb.db.DbUtils insertMarkets
INFO: Adding batch: 258
Oct 01, 2017 4:09:09 PM com.speculation1000.specdb.db.DbUtils insertMarkets
INFO: total time taken to insert the batch = 48 ms
Oct 01, 2017 4:09:09 PM com.speculation1000.specdb.dao.MarketDAO updateTickerList
INFO: Ticker updated successfully
Oct 01, 2017 4:09:09 PM com.speculation1000.specdb.dao.PoloniexDAO restoreMarkets
INFO: Starting polo market restore
Oct 01, 2017 4:09:10 PM com.speculation1000.specdb.dao.PoloniexDAO restoreMarkets
INFO: No markets missing
Oct 01, 2017 4:09:10 PM com.speculation1000.specdb.dao.BittrexDAO restoreMarkets
INFO: Starting trex market restore
Oct 01, 2017 4:09:10 PM com.speculation1000.specdb.dao.BittrexDAO restoreMarkets
INFO: No markets missing
Oct 01, 2017 4:09:11 PM com.speculation1000.specdb.dao.PoloniexDAO getAccountBalance
INFO: AccountBalance
Oct 01, 2017 4:09:11 PM com.speculation1000.specdb.dao.AccountDAO updateAccountBalance
INFO: Got polo balances
Oct 01, 2017 4:09:11 PM com.speculation1000.specdb.dao.BittrexDAO getAccountBalance
INFO: Got Trex Account Balance
Oct 01, 2017 4:09:11 PM com.speculation1000.specdb.db.DbUtils insertUpdatedAccountBalances
INFO: total time taken to insert the batch = 1 ms
Oct 01, 2017 4:09:11 PM com.speculation1000.specdb.dao.AccountDAO getAccountBalance
INFO: Updated account balance!
Oct 01, 2017 4:09:11 PM com.speculation1000.specdb.dao.AccountDAO AccountDAO
INFO: Acocunt balance update successfully!
Oct 01, 2017 4:09:12 PM com.speculation1000.specdb.dao.EntryDAO updateEntries
INFO: Market highs: 25
Oct 01, 2017 4:09:13 PM com.speculation1000.specdb.dao.EntryDAO updateEntries
INFO: Market highs: 11
Oct 01, 2017 4:09:14 PM com.speculation1000.specdb.dao.EntryDAO updateEntries
INFO: Market highs: 55
Oct 01, 2017 4:09:15 PM com.speculation1000.specdb.dao.EntryDAO updateEntries
INFO: Market lows: 25
Oct 01, 2017 4:09:16 PM com.speculation1000.specdb.dao.EntryDAO updateEntries
INFO: Market lows: 11
Oct 01, 2017 4:09:17 PM com.speculation1000.specdb.dao.EntryDAO updateEntries
INFO: Market lows: 55
Oct 01, 2017 4:09:17 PM com.speculation1000.specdb.dao.EntryDAO updateEntries
INFO: Cleaned up new entries
Oct 01, 2017 4:09:17 PM com.speculation1000.specdb.db.DbUtils insertNewEntries
INFO: total time taken to insert the batch = 6 ms
Oct 01, 2017 4:09:17 PM com.speculation1000.specdb.dao.EntryDAO updateEntries
INFO: Inserted market h/l
Oct 01, 2017 4:09:17 PM com.speculation1000.specdb.start.StandardMode getSystemStatus
INFO: ********************************
Oct 01, 2017 4:09:17 PM com.speculation1000.specdb.start.StandardMode getSystemStatus
INFO: [SYSTEMSTATUS]
Oct 01, 2017 4:09:17 PM com.speculation1000.specdb.start.StandardMode getSystemStatus
INFO: * At: 2017-10-01T20:09:17.943Z[Etc/UTC]
Oct 01, 2017 4:09:17 PM com.speculation1000.specdb.start.StandardMode getSystemStatus
INFO: * App Running since: 2017-10-01T20:08:58.237Z[Etc/UTC]
Oct 01, 2017 4:09:17 PM com.speculation1000.specdb.start.StandardMode getSystemStatus
INFO: * App Uptime: 19 secs
Oct 01, 2017 4:09:17 PM com.speculation1000.specdb.start.StandardMode getSystemStatus
INFO: * H2 DB Status: TCP server running at tcp://192.168.1.159:8089 (others can connect)
Oct 01, 2017 4:09:17 PM com.speculation1000.specdb.start.StandardMode getSystemStatus
INFO: * Total Memory (mB): 968
Oct 01, 2017 4:09:17 PM com.speculation1000.specdb.start.StandardMode getSystemStatus
INFO: * Free Memory (mB): 438
Oct 01, 2017 4:09:17 PM com.speculation1000.specdb.start.StandardMode getSystemStatus
INFO: * Used Memory (mB): 529
Oct 01, 2017 4:09:17 PM com.speculation1000.specdb.start.StandardMode getSystemStatus
INFO: * Max (mB): 2711
Oct 01, 2017 4:09:17 PM com.speculation1000.specdb.start.StandardMode getSystemStatus
INFO: * Next Update in 282 seconds

