Aug 13, 2017 4:12:50 PM com.speculation1000.specdb.start.StartApp main
INFO: 
********** SpecDb ************** 
[ Digital Asset Price Database ]
********************************
* Start Up: 
* At: 2017-08-13T20:12:50.743Z[Etc/UTC]
********************************

Aug 13, 2017 4:12:51 PM com.speculation1000.specdb.db.DbConnection connect
INFO: Connection to db established
Aug 13, 2017 4:12:51 PM com.speculation1000.specdb.db.CreateTable createTable
INFO: Table created
Aug 13, 2017 4:16:45 PM com.speculation1000.specdb.start.StartApp main
INFO: 
********** SpecDb ************** 
[ Digital Asset Price Database ]
********************************
* Start Up: 
* At: 2017-08-13T20:16:45.791Z[Etc/UTC]
********************************

Aug 13, 2017 4:16:46 PM com.speculation1000.specdb.db.DbConnection connect
INFO: Connection to db established
Aug 13, 2017 4:16:46 PM com.speculation1000.specdb.db.CreateTable createTable
INFO: Table created
Aug 13, 2017 4:16:46 PM com.speculation1000.specdb.db.DbConnection connect
INFO: Connection to db established
Aug 13, 2017 4:16:46 PM com.speculation1000.specdb.db.DropTable dropTable
INFO: Table dropped!
Aug 13, 2017 4:16:46 PM com.speculation1000.specdb.db.DbConnection connect
INFO: Connection to db established
Aug 13, 2017 4:16:46 PM com.speculation1000.specdb.db.CreateTable createTable
INFO: Table created
Aug 13, 2017 4:16:46 PM com.speculation1000.specdb.db.DbConnection connect
INFO: Connection to db established
[main] INFO org.knowm.xchange.poloniex.PoloniexExchange - Calling Remote Init...
Aug 13, 2017 4:16:47 PM com.speculation1000.specdb.log.SpecDbLogger log
INFO: com.speculation1000.specdb.dto.PoloniexDTO:
* Loading Polo markets from Polo API...
Aug 13, 2017 4:16:47 PM com.speculation1000.specdb.mode.RestoreMode run
SEVERE: Polo restore failed!
